{
  "/home/raphaelmatori/Documents/burger-buider/src/hoc/asyncComponent/asyncComponent.js": {
    "path": "/home/raphaelmatori/Documents/burger-buider/src/hoc/asyncComponent/asyncComponent.js",
    "statementMap": {
      "0": {
        "start": {
          "line": 3,
          "column": 23
        },
        "end": {
          "line": 22,
          "column": 1
        }
      },
      "1": {
        "start": {
          "line": 4,
          "column": 4
        },
        "end": {
          "line": 21,
          "column": 5
        }
      },
      "2": {
        "start": {
          "line": 5,
          "column": 16
        },
        "end": {
          "line": 7,
          "column": 9
        }
      },
      "3": {
        "start": {
          "line": 10,
          "column": 12
        },
        "end": {
          "line": 13,
          "column": 19
        }
      },
      "4": {
        "start": {
          "line": 12,
          "column": 20
        },
        "end": {
          "line": 12,
          "column": 60
        }
      },
      "5": {
        "start": {
          "line": 17,
          "column": 22
        },
        "end": {
          "line": 17,
          "column": 42
        }
      },
      "6": {
        "start": {
          "line": 19,
          "column": 12
        },
        "end": {
          "line": 19,
          "column": 52
        }
      }
    },
    "fnMap": {
      "0": {
        "name": "(anonymous_0)",
        "decl": {
          "start": {
            "line": 3,
            "column": 23
          },
          "end": {
            "line": 3,
            "column": 24
          }
        },
        "loc": {
          "start": {
            "line": 3,
            "column": 44
          },
          "end": {
            "line": 22,
            "column": 1
          }
        },
        "line": 3
      },
      "1": {
        "name": "(anonymous_1)",
        "decl": {
          "start": {
            "line": 9,
            "column": 8
          },
          "end": {
            "line": 9,
            "column": 9
          }
        },
        "loc": {
          "start": {
            "line": 9,
            "column": 29
          },
          "end": {
            "line": 14,
            "column": 9
          }
        },
        "line": 9
      },
      "2": {
        "name": "(anonymous_2)",
        "decl": {
          "start": {
            "line": 11,
            "column": 22
          },
          "end": {
            "line": 11,
            "column": 23
          }
        },
        "loc": {
          "start": {
            "line": 11,
            "column": 29
          },
          "end": {
            "line": 13,
            "column": 17
          }
        },
        "line": 11
      },
      "3": {
        "name": "(anonymous_3)",
        "decl": {
          "start": {
            "line": 16,
            "column": 8
          },
          "end": {
            "line": 16,
            "column": 9
          }
        },
        "loc": {
          "start": {
            "line": 16,
            "column": 18
          },
          "end": {
            "line": 20,
            "column": 9
          }
        },
        "line": 16
      }
    },
    "branchMap": {
      "0": {
        "loc": {
          "start": {
            "line": 19,
            "column": 19
          },
          "end": {
            "line": 19,
            "column": 51
          }
        },
        "type": "cond-expr",
        "locations": [
          {
            "start": {
              "line": 19,
              "column": 23
            },
            "end": {
              "line": 19,
              "column": 44
            }
          },
          {
            "start": {
              "line": 19,
              "column": 47
            },
            "end": {
              "line": 19,
              "column": 51
            }
          }
        ],
        "line": 19
      }
    },
    "s": {
      "0": 1,
      "1": 3,
      "2": 0,
      "3": 0,
      "4": 0,
      "5": 0,
      "6": 0
    },
    "f": {
      "0": 3,
      "1": 0,
      "2": 0,
      "3": 0
    },
    "b": {
      "0": [
        0,
        0
      ]
    },
    "_coverageSchema": "43e27e138ebf9cfc5966b082cf9a028302ed4184",
    "hash": "d0cc4a9283e3bd4be637a5f02fb04d64628148e6"
  },
  "/home/raphaelmatori/Documents/burger-buider/src/hoc/myAux/myAux.js": {
    "path": "/home/raphaelmatori/Documents/burger-buider/src/hoc/myAux/myAux.js",
    "statementMap": {
      "0": {
        "start": {
          "line": 1,
          "column": 12
        },
        "end": {
          "line": 1,
          "column": 37
        }
      },
      "1": {
        "start": {
          "line": 1,
          "column": 23
        },
        "end": {
          "line": 1,
          "column": 37
        }
      }
    },
    "fnMap": {
      "0": {
        "name": "(anonymous_0)",
        "decl": {
          "start": {
            "line": 1,
            "column": 12
          },
          "end": {
            "line": 1,
            "column": 13
          }
        },
        "loc": {
          "start": {
            "line": 1,
            "column": 23
          },
          "end": {
            "line": 1,
            "column": 37
          }
        },
        "line": 1
      }
    },
    "branchMap": {},
    "s": {
      "0": 1,
      "1": 8
    },
    "f": {
      "0": 8
    },
    "b": {},
    "_coverageSchema": "43e27e138ebf9cfc5966b082cf9a028302ed4184",
    "hash": "fdf180a134c8a7c017d0a98c55d2a11841d4f0f2"
  },
  "/home/raphaelmatori/Documents/burger-buider/src/components/Logo/Logo.js": {
    "path": "/home/raphaelmatori/Documents/burger-buider/src/components/Logo/Logo.js",
    "statementMap": {
      "0": {
        "start": {
          "line": 5,
          "column": 13
        },
        "end": {
          "line": 11,
          "column": 1
        }
      },
      "1": {
        "start": {
          "line": 6,
          "column": 4
        },
        "end": {
          "line": 10,
          "column": 6
        }
      }
    },
    "fnMap": {
      "0": {
        "name": "(anonymous_0)",
        "decl": {
          "start": {
            "line": 5,
            "column": 13
          },
          "end": {
            "line": 5,
            "column": 14
          }
        },
        "loc": {
          "start": {
            "line": 5,
            "column": 24
          },
          "end": {
            "line": 11,
            "column": 1
          }
        },
        "line": 5
      }
    },
    "branchMap": {},
    "s": {
      "0": 1,
      "1": 2
    },
    "f": {
      "0": 2
    },
    "b": {},
    "_coverageSchema": "43e27e138ebf9cfc5966b082cf9a028302ed4184",
    "hash": "57a5c0a7091290b77b8b0819bca003411f7a1eb1"
  },
  "/home/raphaelmatori/Documents/burger-buider/src/components/Navigation/NavigationItems/NavigationItem/NavigationItem.js": {
    "path": "/home/raphaelmatori/Documents/burger-buider/src/components/Navigation/NavigationItems/NavigationItem/NavigationItem.js",
    "statementMap": {
      "0": {
        "start": {
          "line": 5,
          "column": 23
        },
        "end": {
          "line": 15,
          "column": 1
        }
      },
      "1": {
        "start": {
          "line": 6,
          "column": 4
        },
        "end": {
          "line": 14,
          "column": 6
        }
      }
    },
    "fnMap": {
      "0": {
        "name": "(anonymous_0)",
        "decl": {
          "start": {
            "line": 5,
            "column": 23
          },
          "end": {
            "line": 5,
            "column": 24
          }
        },
        "loc": {
          "start": {
            "line": 5,
            "column": 34
          },
          "end": {
            "line": 15,
            "column": 1
          }
        },
        "line": 5
      }
    },
    "branchMap": {},
    "s": {
      "0": 1,
      "1": 4
    },
    "f": {
      "0": 4
    },
    "b": {},
    "_coverageSchema": "43e27e138ebf9cfc5966b082cf9a028302ed4184",
    "hash": "16f1fd24cc9dd8c5a99887573417ca8181944902"
  },
  "/home/raphaelmatori/Documents/burger-buider/src/components/Navigation/NavigationItems/NavigationItems.js": {
    "path": "/home/raphaelmatori/Documents/burger-buider/src/components/Navigation/NavigationItems/NavigationItems.js",
    "statementMap": {
      "0": {
        "start": {
          "line": 5,
          "column": 24
        },
        "end": {
          "line": 21,
          "column": 1
        }
      },
      "1": {
        "start": {
          "line": 6,
          "column": 4
        },
        "end": {
          "line": 20,
          "column": 6
        }
      }
    },
    "fnMap": {
      "0": {
        "name": "(anonymous_0)",
        "decl": {
          "start": {
            "line": 5,
            "column": 24
          },
          "end": {
            "line": 5,
            "column": 25
          }
        },
        "loc": {
          "start": {
            "line": 5,
            "column": 35
          },
          "end": {
            "line": 21,
            "column": 1
          }
        },
        "line": 5
      }
    },
    "branchMap": {
      "0": {
        "loc": {
          "start": {
            "line": 10,
            "column": 16
          },
          "end": {
            "line": 12,
            "column": 26
          }
        },
        "type": "cond-expr",
        "locations": [
          {
            "start": {
              "line": 11,
              "column": 22
            },
            "end": {
              "line": 11,
              "column": 76
            }
          },
          {
            "start": {
              "line": 12,
              "column": 22
            },
            "end": {
              "line": 12,
              "column": 26
            }
          }
        ],
        "line": 10
      },
      "1": {
        "loc": {
          "start": {
            "line": 15,
            "column": 16
          },
          "end": {
            "line": 17,
            "column": 76
          }
        },
        "type": "cond-expr",
        "locations": [
          {
            "start": {
              "line": 16,
              "column": 22
            },
            "end": {
              "line": 16,
              "column": 80
            }
          },
          {
            "start": {
              "line": 17,
              "column": 22
            },
            "end": {
              "line": 17,
              "column": 76
            }
          }
        ],
        "line": 15
      }
    },
    "s": {
      "0": 1,
      "1": 2
    },
    "f": {
      "0": 2
    },
    "b": {
      "0": [
        0,
        2
      ],
      "1": [
        2,
        0
      ]
    },
    "_coverageSchema": "43e27e138ebf9cfc5966b082cf9a028302ed4184",
    "hash": "dfe399f5dbf63101782a2797a6821200297f4d46"
  },
  "/home/raphaelmatori/Documents/burger-buider/src/components/Navigation/SideDrawer/DrawerToggle/DrawerToggle.js": {
    "path": "/home/raphaelmatori/Documents/burger-buider/src/components/Navigation/SideDrawer/DrawerToggle/DrawerToggle.js",
    "statementMap": {
      "0": {
        "start": {
          "line": 3,
          "column": 21
        },
        "end": {
          "line": 11,
          "column": 1
        }
      },
      "1": {
        "start": {
          "line": 4,
          "column": 4
        },
        "end": {
          "line": 10,
          "column": 6
        }
      }
    },
    "fnMap": {
      "0": {
        "name": "(anonymous_0)",
        "decl": {
          "start": {
            "line": 3,
            "column": 21
          },
          "end": {
            "line": 3,
            "column": 22
          }
        },
        "loc": {
          "start": {
            "line": 3,
            "column": 32
          },
          "end": {
            "line": 11,
            "column": 1
          }
        },
        "line": 3
      }
    },
    "branchMap": {},
    "s": {
      "0": 1,
      "1": 1
    },
    "f": {
      "0": 1
    },
    "b": {},
    "_coverageSchema": "43e27e138ebf9cfc5966b082cf9a028302ed4184",
    "hash": "a0ab44694a585a8738c6323c8718608354d49d40"
  },
  "/home/raphaelmatori/Documents/burger-buider/src/components/Navigation/Toolbar/Toolbar.js": {
    "path": "/home/raphaelmatori/Documents/burger-buider/src/components/Navigation/Toolbar/Toolbar.js",
    "statementMap": {
      "0": {
        "start": {
          "line": 7,
          "column": 16
        },
        "end": {
          "line": 19,
          "column": 1
        }
      },
      "1": {
        "start": {
          "line": 8,
          "column": 4
        },
        "end": {
          "line": 18,
          "column": 6
        }
      }
    },
    "fnMap": {
      "0": {
        "name": "(anonymous_0)",
        "decl": {
          "start": {
            "line": 7,
            "column": 16
          },
          "end": {
            "line": 7,
            "column": 17
          }
        },
        "loc": {
          "start": {
            "line": 7,
            "column": 27
          },
          "end": {
            "line": 19,
            "column": 1
          }
        },
        "line": 7
      }
    },
    "branchMap": {},
    "s": {
      "0": 1,
      "1": 1
    },
    "f": {
      "0": 1
    },
    "b": {},
    "_coverageSchema": "43e27e138ebf9cfc5966b082cf9a028302ed4184",
    "hash": "35a0b1a03063d5505c59866e5629d0a7eaffbe37"
  },
  "/home/raphaelmatori/Documents/burger-buider/src/components/UI/Backdrop/Backdrop.js": {
    "path": "/home/raphaelmatori/Documents/burger-buider/src/components/UI/Backdrop/Backdrop.js",
    "statementMap": {
      "0": {
        "start": {
          "line": 4,
          "column": 17
        },
        "end": {
          "line": 8,
          "column": 1
        }
      },
      "1": {
        "start": {
          "line": 5,
          "column": 4
        },
        "end": {
          "line": 7,
          "column": 6
        }
      }
    },
    "fnMap": {
      "0": {
        "name": "(anonymous_0)",
        "decl": {
          "start": {
            "line": 4,
            "column": 17
          },
          "end": {
            "line": 4,
            "column": 18
          }
        },
        "loc": {
          "start": {
            "line": 4,
            "column": 28
          },
          "end": {
            "line": 8,
            "column": 1
          }
        },
        "line": 4
      }
    },
    "branchMap": {
      "0": {
        "loc": {
          "start": {
            "line": 6,
            "column": 8
          },
          "end": {
            "line": 6,
            "column": 92
          }
        },
        "type": "cond-expr",
        "locations": [
          {
            "start": {
              "line": 6,
              "column": 21
            },
            "end": {
              "line": 6,
              "column": 85
            }
          },
          {
            "start": {
              "line": 6,
              "column": 88
            },
            "end": {
              "line": 6,
              "column": 92
            }
          }
        ],
        "line": 6
      }
    },
    "s": {
      "0": 1,
      "1": 3
    },
    "f": {
      "0": 3
    },
    "b": {
      "0": [
        0,
        3
      ]
    },
    "_coverageSchema": "43e27e138ebf9cfc5966b082cf9a028302ed4184",
    "hash": "fcf9068b1ad331c35c11deb00b446033e1761783"
  },
  "/home/raphaelmatori/Documents/burger-buider/src/components/Navigation/SideDrawer/SideDrawer.js": {
    "path": "/home/raphaelmatori/Documents/burger-buider/src/components/Navigation/SideDrawer/SideDrawer.js",
    "statementMap": {
      "0": {
        "start": {
          "line": 8,
          "column": 19
        },
        "end": {
          "line": 28,
          "column": 1
        }
      },
      "1": {
        "start": {
          "line": 10,
          "column": 26
        },
        "end": {
          "line": 10,
          "column": 61
        }
      },
      "2": {
        "start": {
          "line": 11,
          "column": 4
        },
        "end": {
          "line": 13,
          "column": 5
        }
      },
      "3": {
        "start": {
          "line": 12,
          "column": 8
        },
        "end": {
          "line": 12,
          "column": 61
        }
      },
      "4": {
        "start": {
          "line": 15,
          "column": 4
        },
        "end": {
          "line": 27,
          "column": 6
        }
      }
    },
    "fnMap": {
      "0": {
        "name": "(anonymous_0)",
        "decl": {
          "start": {
            "line": 8,
            "column": 19
          },
          "end": {
            "line": 8,
            "column": 20
          }
        },
        "loc": {
          "start": {
            "line": 8,
            "column": 30
          },
          "end": {
            "line": 28,
            "column": 1
          }
        },
        "line": 8
      }
    },
    "branchMap": {
      "0": {
        "loc": {
          "start": {
            "line": 11,
            "column": 4
          },
          "end": {
            "line": 13,
            "column": 5
          }
        },
        "type": "if",
        "locations": [
          {
            "start": {
              "line": 11,
              "column": 4
            },
            "end": {
              "line": 13,
              "column": 5
            }
          },
          {
            "start": {
              "line": 11,
              "column": 4
            },
            "end": {
              "line": 13,
              "column": 5
            }
          }
        ],
        "line": 11
      }
    },
    "s": {
      "0": 1,
      "1": 1,
      "2": 1,
      "3": 0,
      "4": 1
    },
    "f": {
      "0": 1
    },
    "b": {
      "0": [
        0,
        1
      ]
    },
    "_coverageSchema": "43e27e138ebf9cfc5966b082cf9a028302ed4184",
    "hash": "498b0da78deee3bdd1592b1a1c415572081f10fd"
  },
  "/home/raphaelmatori/Documents/burger-buider/src/hoc/Layout/Layout.js": {
    "path": "/home/raphaelmatori/Documents/burger-buider/src/hoc/Layout/Layout.js",
    "statementMap": {
      "0": {
        "start": {
          "line": 8,
          "column": 12
        },
        "end": {
          "line": 10,
          "column": 5
        }
      },
      "1": {
        "start": {
          "line": 12,
          "column": 30
        },
        "end": {
          "line": 14,
          "column": 5
        }
      },
      "2": {
        "start": {
          "line": 13,
          "column": 8
        },
        "end": {
          "line": 13,
          "column": 49
        }
      },
      "3": {
        "start": {
          "line": 16,
          "column": 30
        },
        "end": {
          "line": 20,
          "column": 5
        }
      },
      "4": {
        "start": {
          "line": 17,
          "column": 8
        },
        "end": {
          "line": 19,
          "column": 11
        }
      },
      "5": {
        "start": {
          "line": 18,
          "column": 12
        },
        "end": {
          "line": 18,
          "column": 65
        }
      },
      "6": {
        "start": {
          "line": 23,
          "column": 8
        },
        "end": {
          "line": 38,
          "column": 10
        }
      },
      "7": {
        "start": {
          "line": 42,
          "column": 24
        },
        "end": {
          "line": 46,
          "column": 1
        }
      },
      "8": {
        "start": {
          "line": 43,
          "column": 4
        },
        "end": {
          "line": 45,
          "column": 5
        }
      }
    },
    "fnMap": {
      "0": {
        "name": "(anonymous_0)",
        "decl": {
          "start": {
            "line": 12,
            "column": 30
          },
          "end": {
            "line": 12,
            "column": 31
          }
        },
        "loc": {
          "start": {
            "line": 12,
            "column": 36
          },
          "end": {
            "line": 14,
            "column": 5
          }
        },
        "line": 12
      },
      "1": {
        "name": "(anonymous_1)",
        "decl": {
          "start": {
            "line": 16,
            "column": 30
          },
          "end": {
            "line": 16,
            "column": 31
          }
        },
        "loc": {
          "start": {
            "line": 16,
            "column": 36
          },
          "end": {
            "line": 20,
            "column": 5
          }
        },
        "line": 16
      },
      "2": {
        "name": "(anonymous_2)",
        "decl": {
          "start": {
            "line": 17,
            "column": 22
          },
          "end": {
            "line": 17,
            "column": 23
          }
        },
        "loc": {
          "start": {
            "line": 17,
            "column": 37
          },
          "end": {
            "line": 19,
            "column": 9
          }
        },
        "line": 17
      },
      "3": {
        "name": "(anonymous_3)",
        "decl": {
          "start": {
            "line": 22,
            "column": 4
          },
          "end": {
            "line": 22,
            "column": 5
          }
        },
        "loc": {
          "start": {
            "line": 22,
            "column": 13
          },
          "end": {
            "line": 39,
            "column": 5
          }
        },
        "line": 22
      },
      "4": {
        "name": "(anonymous_4)",
        "decl": {
          "start": {
            "line": 42,
            "column": 24
          },
          "end": {
            "line": 42,
            "column": 25
          }
        },
        "loc": {
          "start": {
            "line": 42,
            "column": 33
          },
          "end": {
            "line": 46,
            "column": 1
          }
        },
        "line": 42
      }
    },
    "branchMap": {},
    "s": {
      "0": 2,
      "1": 2,
      "2": 0,
      "3": 2,
      "4": 0,
      "5": 0,
      "6": 2,
      "7": 1,
      "8": 3
    },
    "f": {
      "0": 0,
      "1": 0,
      "2": 0,
      "3": 2,
      "4": 3
    },
    "b": {},
    "_coverageSchema": "43e27e138ebf9cfc5966b082cf9a028302ed4184",
    "hash": "fbc65564a63de257440c411147080d5da22f52c8"
  },
  "/home/raphaelmatori/Documents/burger-buider/src/components/Burger/BurgerIngredient/BurgerIngredient.js": {
    "path": "/home/raphaelmatori/Documents/burger-buider/src/components/Burger/BurgerIngredient/BurgerIngredient.js",
    "statementMap": {
      "0": {
        "start": {
          "line": 15,
          "column": 25
        },
        "end": {
          "line": 15,
          "column": 29
        }
      },
      "1": {
        "start": {
          "line": 17,
          "column": 8
        },
        "end": {
          "line": 44,
          "column": 9
        }
      },
      "2": {
        "start": {
          "line": 19,
          "column": 16
        },
        "end": {
          "line": 19,
          "column": 135
        }
      },
      "3": {
        "start": {
          "line": 20,
          "column": 16
        },
        "end": {
          "line": 20,
          "column": 22
        }
      },
      "4": {
        "start": {
          "line": 22,
          "column": 16
        },
        "end": {
          "line": 22,
          "column": 134
        }
      },
      "5": {
        "start": {
          "line": 23,
          "column": 16
        },
        "end": {
          "line": 23,
          "column": 22
        }
      },
      "6": {
        "start": {
          "line": 25,
          "column": 16
        },
        "end": {
          "line": 25,
          "column": 131
        }
      },
      "7": {
        "start": {
          "line": 26,
          "column": 16
        },
        "end": {
          "line": 26,
          "column": 22
        }
      },
      "8": {
        "start": {
          "line": 28,
          "column": 16
        },
        "end": {
          "line": 28,
          "column": 128
        }
      },
      "9": {
        "start": {
          "line": 29,
          "column": 16
        },
        "end": {
          "line": 29,
          "column": 22
        }
      },
      "10": {
        "start": {
          "line": 31,
          "column": 16
        },
        "end": {
          "line": 31,
          "column": 128
        }
      },
      "11": {
        "start": {
          "line": 32,
          "column": 16
        },
        "end": {
          "line": 32,
          "column": 22
        }
      },
      "12": {
        "start": {
          "line": 34,
          "column": 16
        },
        "end": {
          "line": 34,
          "column": 125
        }
      },
      "13": {
        "start": {
          "line": 35,
          "column": 16
        },
        "end": {
          "line": 35,
          "column": 22
        }
      },
      "14": {
        "start": {
          "line": 37,
          "column": 16
        },
        "end": {
          "line": 37,
          "column": 128
        }
      },
      "15": {
        "start": {
          "line": 38,
          "column": 16
        },
        "end": {
          "line": 38,
          "column": 22
        }
      },
      "16": {
        "start": {
          "line": 40,
          "column": 16
        },
        "end": {
          "line": 40,
          "column": 144
        }
      },
      "17": {
        "start": {
          "line": 41,
          "column": 16
        },
        "end": {
          "line": 41,
          "column": 22
        }
      },
      "18": {
        "start": {
          "line": 43,
          "column": 16
        },
        "end": {
          "line": 43,
          "column": 34
        }
      },
      "19": {
        "start": {
          "line": 45,
          "column": 8
        },
        "end": {
          "line": 45,
          "column": 26
        }
      },
      "20": {
        "start": {
          "line": 49,
          "column": 0
        },
        "end": {
          "line": 51,
          "column": 1
        }
      }
    },
    "fnMap": {
      "0": {
        "name": "(anonymous_0)",
        "decl": {
          "start": {
            "line": 14,
            "column": 4
          },
          "end": {
            "line": 14,
            "column": 5
          }
        },
        "loc": {
          "start": {
            "line": 14,
            "column": 13
          },
          "end": {
            "line": 46,
            "column": 5
          }
        },
        "line": 14
      }
    },
    "branchMap": {
      "0": {
        "loc": {
          "start": {
            "line": 17,
            "column": 8
          },
          "end": {
            "line": 44,
            "column": 9
          }
        },
        "type": "switch",
        "locations": [
          {
            "start": {
              "line": 18,
              "column": 12
            },
            "end": {
              "line": 20,
              "column": 22
            }
          },
          {
            "start": {
              "line": 21,
              "column": 12
            },
            "end": {
              "line": 23,
              "column": 22
            }
          },
          {
            "start": {
              "line": 24,
              "column": 12
            },
            "end": {
              "line": 26,
              "column": 22
            }
          },
          {
            "start": {
              "line": 27,
              "column": 12
            },
            "end": {
              "line": 29,
              "column": 22
            }
          },
          {
            "start": {
              "line": 30,
              "column": 12
            },
            "end": {
              "line": 32,
              "column": 22
            }
          },
          {
            "start": {
              "line": 33,
              "column": 12
            },
            "end": {
              "line": 35,
              "column": 22
            }
          },
          {
            "start": {
              "line": 36,
              "column": 12
            },
            "end": {
              "line": 38,
              "column": 22
            }
          },
          {
            "start": {
              "line": 39,
              "column": 12
            },
            "end": {
              "line": 41,
              "column": 22
            }
          },
          {
            "start": {
              "line": 42,
              "column": 12
            },
            "end": {
              "line": 43,
              "column": 34
            }
          }
        ],
        "line": 17
      }
    },
    "s": {
      "0": 0,
      "1": 0,
      "2": 0,
      "3": 0,
      "4": 0,
      "5": 0,
      "6": 0,
      "7": 0,
      "8": 0,
      "9": 0,
      "10": 0,
      "11": 0,
      "12": 0,
      "13": 0,
      "14": 0,
      "15": 0,
      "16": 0,
      "17": 0,
      "18": 0,
      "19": 0,
      "20": 1
    },
    "f": {
      "0": 0
    },
    "b": {
      "0": [
        0,
        0,
        0,
        0,
        0,
        0,
        0,
        0,
        0
      ]
    },
    "_coverageSchema": "43e27e138ebf9cfc5966b082cf9a028302ed4184",
    "hash": "71a7dad4c73f82134421b54d58defb8e70707aa2"
  },
  "/home/raphaelmatori/Documents/burger-buider/src/components/Burger/Burger.js": {
    "path": "/home/raphaelmatori/Documents/burger-buider/src/components/Burger/Burger.js",
    "statementMap": {
      "0": {
        "start": {
          "line": 5,
          "column": 15
        },
        "end": {
          "line": 28,
          "column": 1
        }
      },
      "1": {
        "start": {
          "line": 6,
          "column": 33
        },
        "end": {
          "line": 14,
          "column": 14
        }
      },
      "2": {
        "start": {
          "line": 8,
          "column": 12
        },
        "end": {
          "line": 10,
          "column": 14
        }
      },
      "3": {
        "start": {
          "line": 9,
          "column": 16
        },
        "end": {
          "line": 9,
          "column": 72
        }
      },
      "4": {
        "start": {
          "line": 13,
          "column": 12
        },
        "end": {
          "line": 13,
          "column": 33
        }
      },
      "5": {
        "start": {
          "line": 16,
          "column": 4
        },
        "end": {
          "line": 18,
          "column": 5
        }
      },
      "6": {
        "start": {
          "line": 17,
          "column": 8
        },
        "end": {
          "line": 17,
          "column": 113
        }
      },
      "7": {
        "start": {
          "line": 19,
          "column": 4
        },
        "end": {
          "line": 27,
          "column": 6
        }
      }
    },
    "fnMap": {
      "0": {
        "name": "(anonymous_0)",
        "decl": {
          "start": {
            "line": 5,
            "column": 15
          },
          "end": {
            "line": 5,
            "column": 16
          }
        },
        "loc": {
          "start": {
            "line": 5,
            "column": 26
          },
          "end": {
            "line": 28,
            "column": 1
          }
        },
        "line": 5
      },
      "1": {
        "name": "(anonymous_1)",
        "decl": {
          "start": {
            "line": 7,
            "column": 13
          },
          "end": {
            "line": 7,
            "column": 14
          }
        },
        "loc": {
          "start": {
            "line": 7,
            "column": 22
          },
          "end": {
            "line": 11,
            "column": 9
          }
        },
        "line": 7
      },
      "2": {
        "name": "(anonymous_2)",
        "decl": {
          "start": {
            "line": 8,
            "column": 60
          },
          "end": {
            "line": 8,
            "column": 61
          }
        },
        "loc": {
          "start": {
            "line": 8,
            "column": 70
          },
          "end": {
            "line": 10,
            "column": 13
          }
        },
        "line": 8
      },
      "3": {
        "name": "(anonymous_3)",
        "decl": {
          "start": {
            "line": 12,
            "column": 16
          },
          "end": {
            "line": 12,
            "column": 17
          }
        },
        "loc": {
          "start": {
            "line": 12,
            "column": 29
          },
          "end": {
            "line": 14,
            "column": 9
          }
        },
        "line": 12
      }
    },
    "branchMap": {
      "0": {
        "loc": {
          "start": {
            "line": 16,
            "column": 4
          },
          "end": {
            "line": 18,
            "column": 5
          }
        },
        "type": "if",
        "locations": [
          {
            "start": {
              "line": 16,
              "column": 4
            },
            "end": {
              "line": 18,
              "column": 5
            }
          },
          {
            "start": {
              "line": 16,
              "column": 4
            },
            "end": {
              "line": 18,
              "column": 5
            }
          }
        ],
        "line": 16
      }
    },
    "s": {
      "0": 1,
      "1": 0,
      "2": 0,
      "3": 0,
      "4": 0,
      "5": 0,
      "6": 0,
      "7": 0
    },
    "f": {
      "0": 0,
      "1": 0,
      "2": 0,
      "3": 0
    },
    "b": {
      "0": [
        0,
        0
      ]
    },
    "_coverageSchema": "43e27e138ebf9cfc5966b082cf9a028302ed4184",
    "hash": "d6aba4a27f0c127e0d94f29c10a438f909b3d16d"
  },
  "/home/raphaelmatori/Documents/burger-buider/src/components/Burger/BuildControls/BuildControl/BuildControl.js": {
    "path": "/home/raphaelmatori/Documents/burger-buider/src/components/Burger/BuildControls/BuildControl/BuildControl.js",
    "statementMap": {
      "0": {
        "start": {
          "line": 4,
          "column": 21
        },
        "end": {
          "line": 12,
          "column": 1
        }
      },
      "1": {
        "start": {
          "line": 5,
          "column": 4
        },
        "end": {
          "line": 11,
          "column": 6
        }
      }
    },
    "fnMap": {
      "0": {
        "name": "(anonymous_0)",
        "decl": {
          "start": {
            "line": 4,
            "column": 21
          },
          "end": {
            "line": 4,
            "column": 22
          }
        },
        "loc": {
          "start": {
            "line": 4,
            "column": 32
          },
          "end": {
            "line": 12,
            "column": 1
          }
        },
        "line": 4
      }
    },
    "branchMap": {},
    "s": {
      "0": 1,
      "1": 0
    },
    "f": {
      "0": 0
    },
    "b": {},
    "_coverageSchema": "43e27e138ebf9cfc5966b082cf9a028302ed4184",
    "hash": "d0e73b87151b050c8b95177394ff0c420bf245a8"
  },
  "/home/raphaelmatori/Documents/burger-buider/src/components/Burger/BuildControls/BuildControls.js": {
    "path": "/home/raphaelmatori/Documents/burger-buider/src/components/Burger/BuildControls/BuildControls.js",
    "statementMap": {
      "0": {
        "start": {
          "line": 4,
          "column": 17
        },
        "end": {
          "line": 11,
          "column": 1
        }
      },
      "1": {
        "start": {
          "line": 13,
          "column": 22
        },
        "end": {
          "line": 38,
          "column": 1
        }
      },
      "2": {
        "start": {
          "line": 14,
          "column": 4
        },
        "end": {
          "line": 37,
          "column": 6
        }
      },
      "3": {
        "start": {
          "line": 18,
          "column": 16
        },
        "end": {
          "line": 23,
          "column": 18
        }
      },
      "4": {
        "start": {
          "line": 19,
          "column": 33
        },
        "end": {
          "line": 19,
          "column": 65
        }
      },
      "5": {
        "start": {
          "line": 20,
          "column": 35
        },
        "end": {
          "line": 20,
          "column": 69
        }
      }
    },
    "fnMap": {
      "0": {
        "name": "(anonymous_0)",
        "decl": {
          "start": {
            "line": 13,
            "column": 22
          },
          "end": {
            "line": 13,
            "column": 23
          }
        },
        "loc": {
          "start": {
            "line": 13,
            "column": 33
          },
          "end": {
            "line": 38,
            "column": 1
          }
        },
        "line": 13
      },
      "1": {
        "name": "(anonymous_1)",
        "decl": {
          "start": {
            "line": 17,
            "column": 26
          },
          "end": {
            "line": 17,
            "column": 27
          }
        },
        "loc": {
          "start": {
            "line": 17,
            "column": 34
          },
          "end": {
            "line": 24,
            "column": 13
          }
        },
        "line": 17
      },
      "2": {
        "name": "(anonymous_2)",
        "decl": {
          "start": {
            "line": 19,
            "column": 27
          },
          "end": {
            "line": 19,
            "column": 28
          }
        },
        "loc": {
          "start": {
            "line": 19,
            "column": 33
          },
          "end": {
            "line": 19,
            "column": 65
          }
        },
        "line": 19
      },
      "3": {
        "name": "(anonymous_3)",
        "decl": {
          "start": {
            "line": 20,
            "column": 29
          },
          "end": {
            "line": 20,
            "column": 30
          }
        },
        "loc": {
          "start": {
            "line": 20,
            "column": 35
          },
          "end": {
            "line": 20,
            "column": 69
          }
        },
        "line": 20
      }
    },
    "branchMap": {
      "0": {
        "loc": {
          "start": {
            "line": 31,
            "column": 20
          },
          "end": {
            "line": 33,
            "column": 44
          }
        },
        "type": "cond-expr",
        "locations": [
          {
            "start": {
              "line": 32,
              "column": 26
            },
            "end": {
              "line": 32,
              "column": 37
            }
          },
          {
            "start": {
              "line": 33,
              "column": 26
            },
            "end": {
              "line": 33,
              "column": 44
            }
          }
        ],
        "line": 31
      }
    },
    "s": {
      "0": 1,
      "1": 1,
      "2": 0,
      "3": 0,
      "4": 0,
      "5": 0
    },
    "f": {
      "0": 0,
      "1": 0,
      "2": 0,
      "3": 0
    },
    "b": {
      "0": [
        0,
        0
      ]
    },
    "_coverageSchema": "43e27e138ebf9cfc5966b082cf9a028302ed4184",
    "hash": "90c1d2195c7ca2d11cfb81724c584feba0e311fe"
  },
  "/home/raphaelmatori/Documents/burger-buider/src/components/UI/Modal/Modal.js": {
    "path": "/home/raphaelmatori/Documents/burger-buider/src/components/UI/Modal/Modal.js",
    "statementMap": {
      "0": {
        "start": {
          "line": 9,
          "column": 8
        },
        "end": {
          "line": 9,
          "column": 96
        }
      },
      "1": {
        "start": {
          "line": 13,
          "column": 8
        },
        "end": {
          "line": 25,
          "column": 10
        }
      }
    },
    "fnMap": {
      "0": {
        "name": "(anonymous_0)",
        "decl": {
          "start": {
            "line": 8,
            "column": 4
          },
          "end": {
            "line": 8,
            "column": 5
          }
        },
        "loc": {
          "start": {
            "line": 8,
            "column": 48
          },
          "end": {
            "line": 10,
            "column": 5
          }
        },
        "line": 8
      },
      "1": {
        "name": "(anonymous_1)",
        "decl": {
          "start": {
            "line": 12,
            "column": 4
          },
          "end": {
            "line": 12,
            "column": 5
          }
        },
        "loc": {
          "start": {
            "line": 12,
            "column": 13
          },
          "end": {
            "line": 26,
            "column": 5
          }
        },
        "line": 12
      }
    },
    "branchMap": {
      "0": {
        "loc": {
          "start": {
            "line": 9,
            "column": 15
          },
          "end": {
            "line": 9,
            "column": 95
          }
        },
        "type": "binary-expr",
        "locations": [
          {
            "start": {
              "line": 9,
              "column": 15
            },
            "end": {
              "line": 9,
              "column": 49
            }
          },
          {
            "start": {
              "line": 9,
              "column": 53
            },
            "end": {
              "line": 9,
              "column": 95
            }
          }
        ],
        "line": 9
      },
      "1": {
        "loc": {
          "start": {
            "line": 18,
            "column": 35
          },
          "end": {
            "line": 18,
            "column": 91
          }
        },
        "type": "cond-expr",
        "locations": [
          {
            "start": {
              "line": 18,
              "column": 53
            },
            "end": {
              "line": 18,
              "column": 68
            }
          },
          {
            "start": {
              "line": 18,
              "column": 71
            },
            "end": {
              "line": 18,
              "column": 91
            }
          }
        ],
        "line": 18
      },
      "2": {
        "loc": {
          "start": {
            "line": 19,
            "column": 33
          },
          "end": {
            "line": 19,
            "column": 60
          }
        },
        "type": "cond-expr",
        "locations": [
          {
            "start": {
              "line": 19,
              "column": 51
            },
            "end": {
              "line": 19,
              "column": 54
            }
          },
          {
            "start": {
              "line": 19,
              "column": 57
            },
            "end": {
              "line": 19,
              "column": 60
            }
          }
        ],
        "line": 19
      }
    },
    "s": {
      "0": 4,
      "1": 4
    },
    "f": {
      "0": 4,
      "1": 4
    },
    "b": {
      "0": [
        4,
        4
      ],
      "1": [
        0,
        4
      ],
      "2": [
        0,
        4
      ]
    },
    "_coverageSchema": "43e27e138ebf9cfc5966b082cf9a028302ed4184",
    "hash": "1540f7a2dc3dd5557549e6e3793bd853d585562b"
  },
  "/home/raphaelmatori/Documents/burger-buider/src/components/UI/Button/Button.js": {
    "path": "/home/raphaelmatori/Documents/burger-buider/src/components/UI/Button/Button.js",
    "statementMap": {
      "0": {
        "start": {
          "line": 4,
          "column": 15
        },
        "end": {
          "line": 8,
          "column": 1
        }
      },
      "1": {
        "start": {
          "line": 5,
          "column": 4
        },
        "end": {
          "line": 7,
          "column": 6
        }
      }
    },
    "fnMap": {
      "0": {
        "name": "(anonymous_0)",
        "decl": {
          "start": {
            "line": 4,
            "column": 15
          },
          "end": {
            "line": 4,
            "column": 16
          }
        },
        "loc": {
          "start": {
            "line": 4,
            "column": 26
          },
          "end": {
            "line": 8,
            "column": 1
          }
        },
        "line": 4
      }
    },
    "branchMap": {},
    "s": {
      "0": 1,
      "1": 0
    },
    "f": {
      "0": 0
    },
    "b": {},
    "_coverageSchema": "43e27e138ebf9cfc5966b082cf9a028302ed4184",
    "hash": "9ab9f6169f5204903fd1109953b1599eece1b2c3"
  },
  "/home/raphaelmatori/Documents/burger-buider/src/components/Burger/OrderSummary/OrderSummary.js": {
    "path": "/home/raphaelmatori/Documents/burger-buider/src/components/Burger/OrderSummary/OrderSummary.js",
    "statementMap": {
      "0": {
        "start": {
          "line": 8,
          "column": 34
        },
        "end": {
          "line": 15,
          "column": 14
        }
      },
      "1": {
        "start": {
          "line": 10,
          "column": 16
        },
        "end": {
          "line": 14,
          "column": 18
        }
      },
      "2": {
        "start": {
          "line": 17,
          "column": 8
        },
        "end": {
          "line": 29,
          "column": 10
        }
      }
    },
    "fnMap": {
      "0": {
        "name": "(anonymous_0)",
        "decl": {
          "start": {
            "line": 7,
            "column": 4
          },
          "end": {
            "line": 7,
            "column": 5
          }
        },
        "loc": {
          "start": {
            "line": 7,
            "column": 13
          },
          "end": {
            "line": 30,
            "column": 5
          }
        },
        "line": 7
      },
      "1": {
        "name": "(anonymous_1)",
        "decl": {
          "start": {
            "line": 9,
            "column": 17
          },
          "end": {
            "line": 9,
            "column": 18
          }
        },
        "loc": {
          "start": {
            "line": 9,
            "column": 26
          },
          "end": {
            "line": 15,
            "column": 13
          }
        },
        "line": 9
      }
    },
    "branchMap": {},
    "s": {
      "0": 0,
      "1": 0,
      "2": 0
    },
    "f": {
      "0": 0,
      "1": 0
    },
    "b": {},
    "_coverageSchema": "43e27e138ebf9cfc5966b082cf9a028302ed4184",
    "hash": "71e846fdc527c82a80083d844c621e92a97e7a13"
  },
  "/home/raphaelmatori/Documents/burger-buider/src/components/UI/Spinner/Spinner.js": {
    "path": "/home/raphaelmatori/Documents/burger-buider/src/components/UI/Spinner/Spinner.js",
    "statementMap": {
      "0": {
        "start": {
          "line": 4,
          "column": 16
        },
        "end": {
          "line": 10,
          "column": 1
        }
      },
      "1": {
        "start": {
          "line": 5,
          "column": 4
        },
        "end": {
          "line": 9,
          "column": 6
        }
      }
    },
    "fnMap": {
      "0": {
        "name": "(anonymous_0)",
        "decl": {
          "start": {
            "line": 4,
            "column": 16
          },
          "end": {
            "line": 4,
            "column": 17
          }
        },
        "loc": {
          "start": {
            "line": 4,
            "column": 27
          },
          "end": {
            "line": 10,
            "column": 1
          }
        },
        "line": 4
      }
    },
    "branchMap": {},
    "s": {
      "0": 1,
      "1": 2
    },
    "f": {
      "0": 2
    },
    "b": {},
    "_coverageSchema": "43e27e138ebf9cfc5966b082cf9a028302ed4184",
    "hash": "708499ed17f98c346d42ffec91ec5d0161bcc18c"
  },
  "/home/raphaelmatori/Documents/burger-buider/src/store/actions/actionTypes.js": {
    "path": "/home/raphaelmatori/Documents/burger-buider/src/store/actions/actionTypes.js",
    "statementMap": {
      "0": {
        "start": {
          "line": 1,
          "column": 30
        },
        "end": {
          "line": 1,
          "column": 46
        }
      },
      "1": {
        "start": {
          "line": 2,
          "column": 33
        },
        "end": {
          "line": 2,
          "column": 52
        }
      },
      "2": {
        "start": {
          "line": 3,
          "column": 31
        },
        "end": {
          "line": 3,
          "column": 48
        }
      },
      "3": {
        "start": {
          "line": 4,
          "column": 40
        },
        "end": {
          "line": 4,
          "column": 66
        }
      },
      "4": {
        "start": {
          "line": 6,
          "column": 37
        },
        "end": {
          "line": 6,
          "column": 60
        }
      },
      "5": {
        "start": {
          "line": 7,
          "column": 39
        },
        "end": {
          "line": 7,
          "column": 64
        }
      },
      "6": {
        "start": {
          "line": 8,
          "column": 36
        },
        "end": {
          "line": 8,
          "column": 58
        }
      },
      "7": {
        "start": {
          "line": 9,
          "column": 29
        },
        "end": {
          "line": 9,
          "column": 44
        }
      },
      "8": {
        "start": {
          "line": 11,
          "column": 34
        },
        "end": {
          "line": 11,
          "column": 54
        }
      },
      "9": {
        "start": {
          "line": 12,
          "column": 36
        },
        "end": {
          "line": 12,
          "column": 58
        }
      },
      "10": {
        "start": {
          "line": 13,
          "column": 33
        },
        "end": {
          "line": 13,
          "column": 52
        }
      },
      "11": {
        "start": {
          "line": 15,
          "column": 26
        },
        "end": {
          "line": 15,
          "column": 38
        }
      },
      "12": {
        "start": {
          "line": 16,
          "column": 28
        },
        "end": {
          "line": 16,
          "column": 42
        }
      },
      "13": {
        "start": {
          "line": 17,
          "column": 25
        },
        "end": {
          "line": 17,
          "column": 36
        }
      },
      "14": {
        "start": {
          "line": 18,
          "column": 27
        },
        "end": {
          "line": 18,
          "column": 40
        }
      },
      "15": {
        "start": {
          "line": 20,
          "column": 38
        },
        "end": {
          "line": 20,
          "column": 62
        }
      }
    },
    "fnMap": {},
    "branchMap": {},
    "s": {
      "0": 1,
      "1": 1,
      "2": 1,
      "3": 1,
      "4": 1,
      "5": 1,
      "6": 1,
      "7": 1,
      "8": 1,
      "9": 1,
      "10": 1,
      "11": 1,
      "12": 1,
      "13": 1,
      "14": 1,
      "15": 1
    },
    "f": {},
    "b": {},
    "_coverageSchema": "43e27e138ebf9cfc5966b082cf9a028302ed4184",
    "hash": "e46f596515133c6277521a2fd68ae1b833edcda7"
  },
  "/home/raphaelmatori/Documents/burger-buider/src/axios-orders.js": {
    "path": "/home/raphaelmatori/Documents/burger-buider/src/axios-orders.js",
    "statementMap": {
      "0": {
        "start": {
          "line": 3,
          "column": 17
        },
        "end": {
          "line": 5,
          "column": 2
        }
      }
    },
    "fnMap": {},
    "branchMap": {},
    "s": {
      "0": 1
    },
    "f": {},
    "b": {},
    "_coverageSchema": "43e27e138ebf9cfc5966b082cf9a028302ed4184",
    "hash": "164167140c09becbaa229d11e2184997aca163f3"
  },
  "/home/raphaelmatori/Documents/burger-buider/src/store/actions/burgerBuilder.js": {
    "path": "/home/raphaelmatori/Documents/burger-buider/src/store/actions/burgerBuilder.js",
    "statementMap": {
      "0": {
        "start": {
          "line": 4,
          "column": 29
        },
        "end": {
          "line": 9,
          "column": 1
        }
      },
      "1": {
        "start": {
          "line": 5,
          "column": 4
        },
        "end": {
          "line": 8,
          "column": 5
        }
      },
      "2": {
        "start": {
          "line": 11,
          "column": 32
        },
        "end": {
          "line": 16,
          "column": 1
        }
      },
      "3": {
        "start": {
          "line": 12,
          "column": 4
        },
        "end": {
          "line": 15,
          "column": 5
        }
      },
      "4": {
        "start": {
          "line": 18,
          "column": 31
        },
        "end": {
          "line": 42,
          "column": 1
        }
      },
      "5": {
        "start": {
          "line": 19,
          "column": 4
        },
        "end": {
          "line": 41,
          "column": 5
        }
      },
      "6": {
        "start": {
          "line": 20,
          "column": 10
        },
        "end": {
          "line": 40,
          "column": 15
        }
      },
      "7": {
        "start": {
          "line": 23,
          "column": 40
        },
        "end": {
          "line": 30,
          "column": 17
        }
      },
      "8": {
        "start": {
          "line": 31,
          "column": 27
        },
        "end": {
          "line": 31,
          "column": 57
        }
      },
      "9": {
        "start": {
          "line": 32,
          "column": 16
        },
        "end": {
          "line": 34,
          "column": 19
        }
      },
      "10": {
        "start": {
          "line": 33,
          "column": 20
        },
        "end": {
          "line": 33,
          "column": 64
        }
      },
      "11": {
        "start": {
          "line": 36,
          "column": 16
        },
        "end": {
          "line": 36,
          "column": 60
        }
      },
      "12": {
        "start": {
          "line": 39,
          "column": 16
        },
        "end": {
          "line": 39,
          "column": 51
        }
      },
      "13": {
        "start": {
          "line": 44,
          "column": 30
        },
        "end": {
          "line": 49,
          "column": 1
        }
      },
      "14": {
        "start": {
          "line": 45,
          "column": 4
        },
        "end": {
          "line": 48,
          "column": 5
        }
      },
      "15": {
        "start": {
          "line": 51,
          "column": 38
        },
        "end": {
          "line": 55,
          "column": 1
        }
      },
      "16": {
        "start": {
          "line": 52,
          "column": 4
        },
        "end": {
          "line": 54,
          "column": 5
        }
      }
    },
    "fnMap": {
      "0": {
        "name": "(anonymous_0)",
        "decl": {
          "start": {
            "line": 4,
            "column": 29
          },
          "end": {
            "line": 4,
            "column": 30
          }
        },
        "loc": {
          "start": {
            "line": 4,
            "column": 39
          },
          "end": {
            "line": 9,
            "column": 1
          }
        },
        "line": 4
      },
      "1": {
        "name": "(anonymous_1)",
        "decl": {
          "start": {
            "line": 11,
            "column": 32
          },
          "end": {
            "line": 11,
            "column": 33
          }
        },
        "loc": {
          "start": {
            "line": 11,
            "column": 42
          },
          "end": {
            "line": 16,
            "column": 1
          }
        },
        "line": 11
      },
      "2": {
        "name": "(anonymous_2)",
        "decl": {
          "start": {
            "line": 18,
            "column": 31
          },
          "end": {
            "line": 18,
            "column": 32
          }
        },
        "loc": {
          "start": {
            "line": 18,
            "column": 37
          },
          "end": {
            "line": 42,
            "column": 1
          }
        },
        "line": 18
      },
      "3": {
        "name": "(anonymous_3)",
        "decl": {
          "start": {
            "line": 19,
            "column": 11
          },
          "end": {
            "line": 19,
            "column": 12
          }
        },
        "loc": {
          "start": {
            "line": 19,
            "column": 23
          },
          "end": {
            "line": 41,
            "column": 5
          }
        },
        "line": 19
      },
      "4": {
        "name": "(anonymous_4)",
        "decl": {
          "start": {
            "line": 21,
            "column": 18
          },
          "end": {
            "line": 21,
            "column": 19
          }
        },
        "loc": {
          "start": {
            "line": 21,
            "column": 30
          },
          "end": {
            "line": 37,
            "column": 13
          }
        },
        "line": 21
      },
      "5": {
        "name": "(anonymous_5)",
        "decl": {
          "start": {
            "line": 32,
            "column": 29
          },
          "end": {
            "line": 32,
            "column": 30
          }
        },
        "loc": {
          "start": {
            "line": 32,
            "column": 36
          },
          "end": {
            "line": 34,
            "column": 17
          }
        },
        "line": 32
      },
      "6": {
        "name": "(anonymous_6)",
        "decl": {
          "start": {
            "line": 38,
            "column": 19
          },
          "end": {
            "line": 38,
            "column": 20
          }
        },
        "loc": {
          "start": {
            "line": 38,
            "column": 28
          },
          "end": {
            "line": 40,
            "column": 13
          }
        },
        "line": 38
      },
      "7": {
        "name": "(anonymous_7)",
        "decl": {
          "start": {
            "line": 44,
            "column": 30
          },
          "end": {
            "line": 44,
            "column": 31
          }
        },
        "loc": {
          "start": {
            "line": 44,
            "column": 47
          },
          "end": {
            "line": 49,
            "column": 1
          }
        },
        "line": 44
      },
      "8": {
        "name": "(anonymous_8)",
        "decl": {
          "start": {
            "line": 51,
            "column": 38
          },
          "end": {
            "line": 51,
            "column": 39
          }
        },
        "loc": {
          "start": {
            "line": 51,
            "column": 44
          },
          "end": {
            "line": 55,
            "column": 1
          }
        },
        "line": 51
      }
    },
    "branchMap": {},
    "s": {
      "0": 1,
      "1": 0,
      "2": 1,
      "3": 0,
      "4": 1,
      "5": 1,
      "6": 1,
      "7": 0,
      "8": 0,
      "9": 0,
      "10": 0,
      "11": 0,
      "12": 0,
      "13": 1,
      "14": 0,
      "15": 1,
      "16": 0
    },
    "f": {
      "0": 0,
      "1": 0,
      "2": 1,
      "3": 1,
      "4": 0,
      "5": 0,
      "6": 0,
      "7": 0,
      "8": 0
    },
    "b": {},
    "_coverageSchema": "43e27e138ebf9cfc5966b082cf9a028302ed4184",
    "hash": "3c9fbeb500fbead98d7312a558783d6076adaf67"
  },
  "/home/raphaelmatori/Documents/burger-buider/src/store/actions/order.js": {
    "path": "/home/raphaelmatori/Documents/burger-buider/src/store/actions/order.js",
    "statementMap": {
      "0": {
        "start": {
          "line": 4,
          "column": 37
        },
        "end": {
          "line": 10,
          "column": 1
        }
      },
      "1": {
        "start": {
          "line": 5,
          "column": 4
        },
        "end": {
          "line": 9,
          "column": 5
        }
      },
      "2": {
        "start": {
          "line": 12,
          "column": 34
        },
        "end": {
          "line": 17,
          "column": 1
        }
      },
      "3": {
        "start": {
          "line": 13,
          "column": 4
        },
        "end": {
          "line": 16,
          "column": 5
        }
      },
      "4": {
        "start": {
          "line": 19,
          "column": 35
        },
        "end": {
          "line": 23,
          "column": 1
        }
      },
      "5": {
        "start": {
          "line": 20,
          "column": 4
        },
        "end": {
          "line": 22,
          "column": 5
        }
      },
      "6": {
        "start": {
          "line": 25,
          "column": 30
        },
        "end": {
          "line": 36,
          "column": 1
        }
      },
      "7": {
        "start": {
          "line": 26,
          "column": 4
        },
        "end": {
          "line": 35,
          "column": 5
        }
      },
      "8": {
        "start": {
          "line": 27,
          "column": 8
        },
        "end": {
          "line": 27,
          "column": 40
        }
      },
      "9": {
        "start": {
          "line": 28,
          "column": 8
        },
        "end": {
          "line": 34,
          "column": 15
        }
      },
      "10": {
        "start": {
          "line": 30,
          "column": 16
        },
        "end": {
          "line": 30,
          "column": 79
        }
      },
      "11": {
        "start": {
          "line": 33,
          "column": 16
        },
        "end": {
          "line": 33,
          "column": 52
        }
      },
      "12": {
        "start": {
          "line": 38,
          "column": 28
        },
        "end": {
          "line": 42,
          "column": 1
        }
      },
      "13": {
        "start": {
          "line": 39,
          "column": 4
        },
        "end": {
          "line": 41,
          "column": 5
        }
      },
      "14": {
        "start": {
          "line": 44,
          "column": 32
        },
        "end": {
          "line": 48,
          "column": 1
        }
      },
      "15": {
        "start": {
          "line": 45,
          "column": 4
        },
        "end": {
          "line": 47,
          "column": 5
        }
      },
      "16": {
        "start": {
          "line": 50,
          "column": 34
        },
        "end": {
          "line": 55,
          "column": 1
        }
      },
      "17": {
        "start": {
          "line": 51,
          "column": 4
        },
        "end": {
          "line": 54,
          "column": 5
        }
      },
      "18": {
        "start": {
          "line": 57,
          "column": 31
        },
        "end": {
          "line": 62,
          "column": 1
        }
      },
      "19": {
        "start": {
          "line": 58,
          "column": 4
        },
        "end": {
          "line": 61,
          "column": 5
        }
      },
      "20": {
        "start": {
          "line": 64,
          "column": 27
        },
        "end": {
          "line": 83,
          "column": 1
        }
      },
      "21": {
        "start": {
          "line": 65,
          "column": 4
        },
        "end": {
          "line": 82,
          "column": 5
        }
      },
      "22": {
        "start": {
          "line": 66,
          "column": 8
        },
        "end": {
          "line": 66,
          "column": 37
        }
      },
      "23": {
        "start": {
          "line": 67,
          "column": 28
        },
        "end": {
          "line": 67,
          "column": 81
        }
      },
      "24": {
        "start": {
          "line": 68,
          "column": 8
        },
        "end": {
          "line": 81,
          "column": 15
        }
      },
      "25": {
        "start": {
          "line": 70,
          "column": 38
        },
        "end": {
          "line": 70,
          "column": 40
        }
      },
      "26": {
        "start": {
          "line": 71,
          "column": 16
        },
        "end": {
          "line": 76,
          "column": 17
        }
      },
      "27": {
        "start": {
          "line": 72,
          "column": 20
        },
        "end": {
          "line": 75,
          "column": 22
        }
      },
      "28": {
        "start": {
          "line": 77,
          "column": 16
        },
        "end": {
          "line": 77,
          "column": 60
        }
      },
      "29": {
        "start": {
          "line": 80,
          "column": 16
        },
        "end": {
          "line": 80,
          "column": 47
        }
      }
    },
    "fnMap": {
      "0": {
        "name": "(anonymous_0)",
        "decl": {
          "start": {
            "line": 4,
            "column": 37
          },
          "end": {
            "line": 4,
            "column": 38
          }
        },
        "loc": {
          "start": {
            "line": 4,
            "column": 56
          },
          "end": {
            "line": 10,
            "column": 1
          }
        },
        "line": 4
      },
      "1": {
        "name": "(anonymous_1)",
        "decl": {
          "start": {
            "line": 12,
            "column": 34
          },
          "end": {
            "line": 12,
            "column": 35
          }
        },
        "loc": {
          "start": {
            "line": 12,
            "column": 45
          },
          "end": {
            "line": 17,
            "column": 1
          }
        },
        "line": 12
      },
      "2": {
        "name": "(anonymous_2)",
        "decl": {
          "start": {
            "line": 19,
            "column": 35
          },
          "end": {
            "line": 19,
            "column": 36
          }
        },
        "loc": {
          "start": {
            "line": 19,
            "column": 41
          },
          "end": {
            "line": 23,
            "column": 1
          }
        },
        "line": 19
      },
      "3": {
        "name": "(anonymous_3)",
        "decl": {
          "start": {
            "line": 25,
            "column": 30
          },
          "end": {
            "line": 25,
            "column": 31
          }
        },
        "loc": {
          "start": {
            "line": 25,
            "column": 52
          },
          "end": {
            "line": 36,
            "column": 1
          }
        },
        "line": 25
      },
      "4": {
        "name": "(anonymous_4)",
        "decl": {
          "start": {
            "line": 26,
            "column": 11
          },
          "end": {
            "line": 26,
            "column": 12
          }
        },
        "loc": {
          "start": {
            "line": 26,
            "column": 23
          },
          "end": {
            "line": 35,
            "column": 5
          }
        },
        "line": 26
      },
      "5": {
        "name": "(anonymous_5)",
        "decl": {
          "start": {
            "line": 29,
            "column": 18
          },
          "end": {
            "line": 29,
            "column": 19
          }
        },
        "loc": {
          "start": {
            "line": 29,
            "column": 32
          },
          "end": {
            "line": 31,
            "column": 13
          }
        },
        "line": 29
      },
      "6": {
        "name": "(anonymous_6)",
        "decl": {
          "start": {
            "line": 32,
            "column": 19
          },
          "end": {
            "line": 32,
            "column": 20
          }
        },
        "loc": {
          "start": {
            "line": 32,
            "column": 30
          },
          "end": {
            "line": 34,
            "column": 13
          }
        },
        "line": 32
      },
      "7": {
        "name": "(anonymous_7)",
        "decl": {
          "start": {
            "line": 38,
            "column": 28
          },
          "end": {
            "line": 38,
            "column": 29
          }
        },
        "loc": {
          "start": {
            "line": 38,
            "column": 34
          },
          "end": {
            "line": 42,
            "column": 1
          }
        },
        "line": 38
      },
      "8": {
        "name": "(anonymous_8)",
        "decl": {
          "start": {
            "line": 44,
            "column": 32
          },
          "end": {
            "line": 44,
            "column": 33
          }
        },
        "loc": {
          "start": {
            "line": 44,
            "column": 38
          },
          "end": {
            "line": 48,
            "column": 1
          }
        },
        "line": 44
      },
      "9": {
        "name": "(anonymous_9)",
        "decl": {
          "start": {
            "line": 50,
            "column": 34
          },
          "end": {
            "line": 50,
            "column": 35
          }
        },
        "loc": {
          "start": {
            "line": 50,
            "column": 46
          },
          "end": {
            "line": 55,
            "column": 1
          }
        },
        "line": 50
      },
      "10": {
        "name": "(anonymous_10)",
        "decl": {
          "start": {
            "line": 57,
            "column": 31
          },
          "end": {
            "line": 57,
            "column": 32
          }
        },
        "loc": {
          "start": {
            "line": 57,
            "column": 42
          },
          "end": {
            "line": 62,
            "column": 1
          }
        },
        "line": 57
      },
      "11": {
        "name": "(anonymous_11)",
        "decl": {
          "start": {
            "line": 64,
            "column": 27
          },
          "end": {
            "line": 64,
            "column": 28
          }
        },
        "loc": {
          "start": {
            "line": 64,
            "column": 46
          },
          "end": {
            "line": 83,
            "column": 1
          }
        },
        "line": 64
      },
      "12": {
        "name": "(anonymous_12)",
        "decl": {
          "start": {
            "line": 65,
            "column": 11
          },
          "end": {
            "line": 65,
            "column": 12
          }
        },
        "loc": {
          "start": {
            "line": 65,
            "column": 23
          },
          "end": {
            "line": 82,
            "column": 5
          }
        },
        "line": 65
      },
      "13": {
        "name": "(anonymous_13)",
        "decl": {
          "start": {
            "line": 69,
            "column": 18
          },
          "end": {
            "line": 69,
            "column": 19
          }
        },
        "loc": {
          "start": {
            "line": 69,
            "column": 25
          },
          "end": {
            "line": 78,
            "column": 13
          }
        },
        "line": 69
      },
      "14": {
        "name": "(anonymous_14)",
        "decl": {
          "start": {
            "line": 79,
            "column": 19
          },
          "end": {
            "line": 79,
            "column": 20
          }
        },
        "loc": {
          "start": {
            "line": 79,
            "column": 26
          },
          "end": {
            "line": 81,
            "column": 13
          }
        },
        "line": 79
      }
    },
    "branchMap": {},
    "s": {
      "0": 1,
      "1": 0,
      "2": 1,
      "3": 0,
      "4": 1,
      "5": 0,
      "6": 1,
      "7": 0,
      "8": 0,
      "9": 0,
      "10": 0,
      "11": 0,
      "12": 1,
      "13": 0,
      "14": 1,
      "15": 0,
      "16": 1,
      "17": 0,
      "18": 1,
      "19": 0,
      "20": 1,
      "21": 0,
      "22": 0,
      "23": 0,
      "24": 0,
      "25": 0,
      "26": 0,
      "27": 0,
      "28": 0,
      "29": 0
    },
    "f": {
      "0": 0,
      "1": 0,
      "2": 0,
      "3": 0,
      "4": 0,
      "5": 0,
      "6": 0,
      "7": 0,
      "8": 0,
      "9": 0,
      "10": 0,
      "11": 0,
      "12": 0,
      "13": 0,
      "14": 0
    },
    "b": {},
    "_coverageSchema": "43e27e138ebf9cfc5966b082cf9a028302ed4184",
    "hash": "efdcccf48211344af9197c4d37ce8de7a15e9d4f"
  },
  "/home/raphaelmatori/Documents/burger-buider/src/store/actions/auth.js": {
    "path": "/home/raphaelmatori/Documents/burger-buider/src/store/actions/auth.js",
    "statementMap": {
      "0": {
        "start": {
          "line": 5,
          "column": 25
        },
        "end": {
          "line": 9,
          "column": 1
        }
      },
      "1": {
        "start": {
          "line": 6,
          "column": 4
        },
        "end": {
          "line": 8,
          "column": 6
        }
      },
      "2": {
        "start": {
          "line": 11,
          "column": 27
        },
        "end": {
          "line": 17,
          "column": 1
        }
      },
      "3": {
        "start": {
          "line": 12,
          "column": 4
        },
        "end": {
          "line": 16,
          "column": 6
        }
      },
      "4": {
        "start": {
          "line": 19,
          "column": 24
        },
        "end": {
          "line": 24,
          "column": 1
        }
      },
      "5": {
        "start": {
          "line": 20,
          "column": 4
        },
        "end": {
          "line": 23,
          "column": 6
        }
      },
      "6": {
        "start": {
          "line": 26,
          "column": 22
        },
        "end": {
          "line": 33,
          "column": 1
        }
      },
      "7": {
        "start": {
          "line": 27,
          "column": 4
        },
        "end": {
          "line": 27,
          "column": 37
        }
      },
      "8": {
        "start": {
          "line": 28,
          "column": 4
        },
        "end": {
          "line": 28,
          "column": 46
        }
      },
      "9": {
        "start": {
          "line": 29,
          "column": 4
        },
        "end": {
          "line": 29,
          "column": 38
        }
      },
      "10": {
        "start": {
          "line": 30,
          "column": 4
        },
        "end": {
          "line": 32,
          "column": 6
        }
      },
      "11": {
        "start": {
          "line": 35,
          "column": 32
        },
        "end": {
          "line": 41,
          "column": 1
        }
      },
      "12": {
        "start": {
          "line": 36,
          "column": 4
        },
        "end": {
          "line": 40,
          "column": 6
        }
      },
      "13": {
        "start": {
          "line": 37,
          "column": 8
        },
        "end": {
          "line": 39,
          "column": 34
        }
      },
      "14": {
        "start": {
          "line": 38,
          "column": 12
        },
        "end": {
          "line": 38,
          "column": 31
        }
      },
      "15": {
        "start": {
          "line": 43,
          "column": 20
        },
        "end": {
          "line": 68,
          "column": 1
        }
      },
      "16": {
        "start": {
          "line": 44,
          "column": 4
        },
        "end": {
          "line": 67,
          "column": 6
        }
      },
      "17": {
        "start": {
          "line": 45,
          "column": 8
        },
        "end": {
          "line": 45,
          "column": 30
        }
      },
      "18": {
        "start": {
          "line": 46,
          "column": 25
        },
        "end": {
          "line": 50,
          "column": 9
        }
      },
      "19": {
        "start": {
          "line": 51,
          "column": 18
        },
        "end": {
          "line": 51,
          "column": 136
        }
      },
      "20": {
        "start": {
          "line": 52,
          "column": 8
        },
        "end": {
          "line": 54,
          "column": 9
        }
      },
      "21": {
        "start": {
          "line": 53,
          "column": 12
        },
        "end": {
          "line": 53,
          "column": 138
        }
      },
      "22": {
        "start": {
          "line": 55,
          "column": 8
        },
        "end": {
          "line": 66,
          "column": 15
        }
      },
      "23": {
        "start": {
          "line": 57,
          "column": 39
        },
        "end": {
          "line": 57,
          "column": 102
        }
      },
      "24": {
        "start": {
          "line": 58,
          "column": 16
        },
        "end": {
          "line": 58,
          "column": 69
        }
      },
      "25": {
        "start": {
          "line": 59,
          "column": 16
        },
        "end": {
          "line": 59,
          "column": 71
        }
      },
      "26": {
        "start": {
          "line": 60,
          "column": 16
        },
        "end": {
          "line": 60,
          "column": 70
        }
      },
      "27": {
        "start": {
          "line": 61,
          "column": 16
        },
        "end": {
          "line": 61,
          "column": 84
        }
      },
      "28": {
        "start": {
          "line": 62,
          "column": 16
        },
        "end": {
          "line": 62,
          "column": 68
        }
      },
      "29": {
        "start": {
          "line": 65,
          "column": 16
        },
        "end": {
          "line": 65,
          "column": 60
        }
      },
      "30": {
        "start": {
          "line": 70,
          "column": 35
        },
        "end": {
          "line": 75,
          "column": 1
        }
      },
      "31": {
        "start": {
          "line": 71,
          "column": 4
        },
        "end": {
          "line": 74,
          "column": 6
        }
      },
      "32": {
        "start": {
          "line": 78,
          "column": 30
        },
        "end": {
          "line": 94,
          "column": 1
        }
      },
      "33": {
        "start": {
          "line": 79,
          "column": 4
        },
        "end": {
          "line": 93,
          "column": 6
        }
      },
      "34": {
        "start": {
          "line": 80,
          "column": 22
        },
        "end": {
          "line": 80,
          "column": 51
        }
      },
      "35": {
        "start": {
          "line": 81,
          "column": 8
        },
        "end": {
          "line": 92,
          "column": 9
        }
      },
      "36": {
        "start": {
          "line": 82,
          "column": 12
        },
        "end": {
          "line": 82,
          "column": 31
        }
      },
      "37": {
        "start": {
          "line": 84,
          "column": 35
        },
        "end": {
          "line": 84,
          "column": 83
        }
      },
      "38": {
        "start": {
          "line": 85,
          "column": 12
        },
        "end": {
          "line": 91,
          "column": 13
        }
      },
      "39": {
        "start": {
          "line": 86,
          "column": 16
        },
        "end": {
          "line": 86,
          "column": 35
        }
      },
      "40": {
        "start": {
          "line": 88,
          "column": 31
        },
        "end": {
          "line": 88,
          "column": 61
        }
      },
      "41": {
        "start": {
          "line": 89,
          "column": 16
        },
        "end": {
          "line": 89,
          "column": 53
        }
      },
      "42": {
        "start": {
          "line": 90,
          "column": 16
        },
        "end": {
          "line": 90,
          "column": 101
        }
      }
    },
[...]
        "locations": [
          {
            "start": {
              "line": 21,
              "column": 25
            },
            "end": {
              "line": 21,
              "column": 37
            }
          }
        ],
        "line": 21
      },
      "1": {
        "loc": {
          "start": {
            "line": 22,
            "column": 4
          },
          "end": {
            "line": 28,
            "column": 5
          }
        },
        "type": "switch",
        "locations": [
          {
            "start": {
              "line": 23,
              "column": 8
            },
            "end": {
              "line": 23,
              "column": 77
            }
          },
          {
            "start": {
              "line": 24,
              "column": 8
            },
            "end": {
              "line": 24,
              "column": 83
            }
          },
          {
            "start": {
              "line": 25,
              "column": 8
            },
            "end": {
              "line": 25,
              "column": 79
            }
          },
          {
            "start": {
              "line": 26,
              "column": 8
            },
            "end": {
              "line": 26,
              "column": 96
            }
          },
          {
            "start": {
              "line": 27,
              "column": 8
            },
            "end": {
              "line": 27,
              "column": 30
            }
          }
        ],
        "line": 22
      }
    },
    "s": {
      "0": 1,
      "1": 1,
      "2": 1,
      "3": 4,
      "4": 0,
      "5": 0,
      "6": 0,
      "7": 0,
      "8": 4,
      "9": 1,
      "10": 0,
      "11": 0,
      "12": 0,
      "13": 0,
      "14": 1,
      "15": 0,
      "16": 0,
      "17": 0,
      "18": 0,
      "19": 1,
      "20": 0,
      "21": 1,
      "22": 0
    },
    "f": {
      "0": 4,
      "1": 0,
      "2": 0,
      "3": 0,
      "4": 0
    },
    "b": {
      "0": [
        3
      ],
      "1": [
        0,
        0,
        0,
        0,
        4
      ]
    },
    "_coverageSchema": "43e27e138ebf9cfc5966b082cf9a028302ed4184",
    "hash": "8d7c86bd81db79112714914380c0e1063d037625"
  },
  "/home/raphaelmatori/Documents/burger-buider/src/store/reducers/auth.js": {
    "path": "/home/raphaelmatori/Documents/burger-buider/src/store/reducers/auth.js",
    "statementMap": {
      "0": {
        "start": {
          "line": 4,
          "column": 21
        },
        "end": {
          "line": 10,
          "column": 1
        }
      },
      "1": {
        "start": {
          "line": 12,
          "column": 18
        },
        "end": {
          "line": 14,
          "column": 1
        }
      },
      "2": {
        "start": {
          "line": 13,
          "column": 4
        },
        "end": {
          "line": 13,
          "column": 63
        }
      },
      "3": {
        "start": {
          "line": 16,
          "column": 20
        },
        "end": {
          "line": 23,
          "column": 1
        }
      },
      "4": {
        "start": {
          "line": 17,
          "column": 4
        },
        "end": {
          "line": 22,
          "column": 7
        }
      },
      "5": {
        "start": {
          "line": 25,
          "column": 17
        },
        "end": {
          "line": 30,
          "column": 1
        }
      },
      "6": {
        "start": {
          "line": 26,
          "column": 4
        },
        "end": {
          "line": 29,
          "column": 7
        }
      },
      "7": {
        "start": {
          "line": 32,
          "column": 19
        },
        "end": {
          "line": 34,
          "column": 1
        }
      },
      "8": {
        "start": {
          "line": 33,
          "column": 4
        },
        "end": {
          "line": 33,
          "column": 62
        }
      },
      "9": {
        "start": {
          "line": 36,
          "column": 28
        },
        "end": {
          "line": 38,
          "column": 1
        }
      },
      "10": {
        "start": {
          "line": 37,
          "column": 4
        },
        "end": {
          "line": 37,
          "column": 65
        }
      },
      "11": {
        "start": {
          "line": 40,
          "column": 16
        },
        "end": {
          "line": 50,
          "column": 1
        }
      },
      "12": {
        "start": {
          "line": 41,
          "column": 4
        },
        "end": {
          "line": 49,
          "column": 5
        }
      },
      "13": {
        "start": {
          "line": 42,
          "column": 37
        },
        "end": {
          "line": 42,
          "column": 69
        }
      },
      "14": {
        "start": {
          "line": 43,
          "column": 39
        },
        "end": {
          "line": 43,
          "column": 73
        }
      },
      "15": {
        "start": {
          "line": 44,
          "column": 36
        },
        "end": {
          "line": 44,
          "column": 67
        }
      },
      "16": {
        "start": {
          "line": 45,
          "column": 38
        },
        "end": {
          "line": 45,
          "column": 71
        }
      },
      "17": {
        "start": {
          "line": 46,
          "column": 49
        },
        "end": {
          "line": 46,
          "column": 91
        }
      },
      "18": {
        "start": {
          "line": 48,
          "column": 12
        },
        "end": {
          "line": 48,
          "column": 25
        }
      }
    },
    "fnMap": {
      "0": {
        "name": "(anonymous_0)",
        "decl": {
          "start": {
            "line": 12,
            "column": 18
          },
          "end": {
            "line": 12,
            "column": 19
          }
        },
        "loc": {
          "start": {
            "line": 12,
            "column": 37
          },
          "end": {
            "line": 14,
            "column": 1
          }
        },
        "line": 12
      },
      "1": {
        "name": "(anonymous_1)",
        "decl": {
          "start": {
            "line": 16,
            "column": 20
          },
          "end": {
            "line": 16,
            "column": 21
          }
        },
        "loc": {
          "start": {
            "line": 16,
            "column": 39
          },
          "end": {
            "line": 23,
            "column": 1
          }
        },
        "line": 16
      },
      "2": {
        "name": "(anonymous_2)",
        "decl": {
          "start": {
            "line": 25,
            "column": 17
          },
          "end": {
            "line": 25,
            "column": 18
          }
        },
        "loc": {
          "start": {
            "line": 25,
            "column": 36
          },
          "end": {
            "line": 30,
            "column": 1
          }
        },
        "line": 25
      },
      "3": {
        "name": "(anonymous_3)",
        "decl": {
          "start": {
            "line": 32,
            "column": 19
          },
          "end": {
            "line": 32,
            "column": 20
          }
        },
        "loc": {
          "start": {
            "line": 32,
            "column": 38
          },
          "end": {
            "line": 34,
            "column": 1
          }
        },
        "line": 32
      },
      "4": {
        "name": "(anonymous_4)",
        "decl": {
          "start": {
            "line": 36,
            "column": 28
          },
          "end": {
            "line": 36,
            "column": 29
          }
        },
        "loc": {
          "start": {
            "line": 36,
            "column": 47
          },
          "end": {
            "line": 38,
            "column": 1
          }
        },
        "line": 36
      },
      "5": {
        "name": "(anonymous_5)",
        "decl": {
          "start": {
            "line": 40,
            "column": 16
          },
          "end": {
            "line": 40,
            "column": 17
          }
        },
        "loc": {
          "start": {
            "line": 40,
            "column": 50
          },
          "end": {
            "line": 50,
            "column": 1
          }
        },
        "line": 40
      }
    },
    "branchMap": {
      "0": {
        "loc": {
          "start": {
            "line": 40,
            "column": 17
          },
          "end": {
            "line": 40,
            "column": 37
          }
        },
        "type": "default-arg",
        "locations": [
          {
            "start": {
              "line": 40,
              "column": 25
            },
            "end": {
              "line": 40,
              "column": 37
            }
          }
        ],
        "line": 40
      },
      "1": {
        "loc": {
          "start": {
            "line": 41,
            "column": 4
          },
          "end": {
            "line": 49,
            "column": 5
          }
        },
        "type": "switch",
        "locations": [
          {
            "start": {
              "line": 42,
              "column": 8
            },
            "end": {
              "line": 42,
              "column": 69
            }
          },
          {
            "start": {
              "line": 43,
              "column": 8
            },
            "end": {
              "line": 43,
              "column": 73
            }
          },
          {
            "start": {
              "line": 44,
              "column": 8
            },
            "end": {
              "line": 44,
              "column": 67
            }
          },
          {
            "start": {
              "line": 45,
              "column": 8
            },
            "end": {
              "line": 45,
              "column": 71
            }
          },
          {
            "start": {
              "line": 46,
              "column": 8
            },
            "end": {
              "line": 46,
              "column": 91
            }
          },
          {
            "start": {
              "line": 47,
              "column": 8
            },
            "end": {
              "line": 48,
              "column": 25
            }
          }
        ],
        "line": 41
      }
    },
    "s": {
      "0": 1,
      "1": 1,
      "2": 0,
      "3": 1,
      "4": 0,
      "5": 1,
      "6": 0,
      "7": 1,
      "8": 1,
      "9": 1,
      "10": 0,
      "11": 1,
      "12": 4,
      "13": 0,
      "14": 0,
      "15": 0,
      "16": 1,
      "17": 0,
      "18": 3
    },
    "f": {
      "0": 0,
      "1": 0,
      "2": 0,
      "3": 1,
      "4": 0,
      "5": 4
    },
    "b": {
      "0": [
        3
      ],
      "1": [
        0,
        0,
        0,
        1,
        0,
        3
      ]
    },
    "_coverageSchema": "43e27e138ebf9cfc5966b082cf9a028302ed4184",
    "hash": "43b02fbb6a24facca5922645cdb6102a9c0ba3b2"
  },
  "/home/raphaelmatori/Documents/burger-buider/src/store/reducers/order.js": {
    "path": "/home/raphaelmatori/Documents/burger-buider/src/store/reducers/order.js",
    "statementMap": {
      "0": {
        "start": {
          "line": 4,
          "column": 21
        },
        "end": {
          "line": 9,
          "column": 1
        }
      },
      "1": {
        "start": {
          "line": 11,
          "column": 16
        },
        "end": {
          "line": 22,
          "column": 1
        }
      },
      "2": {
        "start": {
          "line": 12,
          "column": 4
        },
        "end": {
          "line": 21,
          "column": 5
        }
      },
      "3": {
        "start": {
          "line": 13,
          "column": 40
        },
        "end": {
          "line": 13,
          "column": 88
        }
      },
      "4": {
        "start": {
          "line": 14,
          "column": 50
        },
        "end": {
          "line": 14,
          "column": 94
        }
      },
      "5": {
        "start": {
          "line": 16,
          "column": 45
        },
        "end": {
          "line": 16,
          "column": 90
        }
      },
      "6": {
        "start": {
          "line": 17,
          "column": 47
        },
        "end": {
          "line": 17,
          "column": 116
        }
      },
      "7": {
        "start": {
          "line": 19,
          "column": 44
        },
        "end": {
          "line": 19,
          "column": 90
        }
      },
      "8": {
        "start": {
          "line": 20,
          "column": 17
        },
        "end": {
          "line": 20,
          "column": 30
        }
      },
      "9": {
        "start": {
          "line": 24,
          "column": 30
        },
        "end": {
          "line": 30,
          "column": 1
        }
      },
      "10": {
        "start": {
          "line": 25,
          "column": 21
        },
        "end": {
          "line": 28,
          "column": 5
        }
      },
      "11": {
        "start": {
          "line": 29,
          "column": 4
        },
        "end": {
          "line": 29,
          "column": 107
        }
      }
    },
    "fnMap": {
      "0": {
        "name": "(anonymous_0)",
        "decl": {
          "start": {
            "line": 11,
            "column": 16
          },
          "end": {
            "line": 11,
            "column": 17
          }
        },
        "loc": {
          "start": {
            "line": 11,
            "column": 50
          },
          "end": {
            "line": 22,
            "column": 1
          }
        },
        "line": 11
      },
      "1": {
        "name": "(anonymous_1)",
        "decl": {
          "start": {
            "line": 24,
            "column": 30
          },
          "end": {
            "line": 24,
            "column": 31
          }
        },
        "loc": {
          "start": {
            "line": 24,
            "column": 49
          },
          "end": {
            "line": 30,
            "column": 1
          }
        },
        "line": 24
      }
    },
    "branchMap": {
      "0": {
        "loc": {
          "start": {
            "line": 11,
            "column": 17
          },
          "end": {
            "line": 11,
            "column": 37
          }
        },
        "type": "default-arg",
        "locations": [
          {
            "start": {
              "line": 11,
              "column": 25
            },
            "end": {
              "line": 11,
              "column": 37
            }
          }
        ],
        "line": 11
      },
      "1": {
        "loc": {
          "start": {
            "line": 12,
            "column": 4
          },
          "end": {
            "line": 21,
            "column": 5
          }
        },
        "type": "switch",
        "locations": [
          {
            "start": {
              "line": 13,
              "column": 8
            },
            "end": {
              "line": 13,
              "column": 88
            }
          },
          {
            "start": {
              "line": 14,
              "column": 8
            },
            "end": {
              "line": 14,
              "column": 94
            }
          },
          {
            "start": {
              "line": 15,
              "column": 8
            },
            "end": {
              "line": 15,
              "column": 47
            }
          },
          {
            "start": {
              "line": 16,
              "column": 8
            },
            "end": {
              "line": 16,
              "column": 90
            }
          },
          {
            "start": {
              "line": 17,
              "column": 8
            },
            "end": {
              "line": 17,
              "column": 116
            }
          },
          {
            "start": {
              "line": 18,
              "column": 8
            },
            "end": {
              "line": 18,
              "column": 46
            }
          },
          {
            "start": {
              "line": 19,
              "column": 8
            },
            "end": {
              "line": 19,
              "column": 90
            }
          },
          {
            "start": {
              "line": 20,
              "column": 8
            },
            "end": {
              "line": 20,
              "column": 30
            }
          }
        ],
        "line": 12
      }
    },
    "s": {
      "0": 1,
      "1": 1,
      "2": 4,
      "3": 0,
      "4": 0,
      "5": 0,
      "6": 0,
      "7": 0,
      "8": 4,
      "9": 1,
      "10": 0,
      "11": 0
    },
    "f": {
      "0": 4,
      "1": 0
    },
    "b": {
      "0": [
        3
      ],
      "1": [
        0,
        0,
        0,
        0,
        0,
        0,
        0,
        4
      ]
    },
    "_coverageSchema": "43e27e138ebf9cfc5966b082cf9a028302ed4184",
    "hash": "284d66318fa804ffb8bafda789e8568d6992d1c5"
  },
  "/home/raphaelmatori/Documents/burger-buider/src/index.js": {
    "path": "/home/raphaelmatori/Documents/burger-buider/src/index.js",
    "statementMap": {
      "0": {
        "start": {
          "line": 16,
          "column": 2
        },
        "end": {
          "line": 18,
          "column": 22
        }
      },
      "1": {
        "start": {
          "line": 20,
          "column": 20
        },
        "end": {
          "line": 24,
          "column": 2
        }
      },
      "2": {
        "start": {
          "line": 25,
          "column": 14
        },
        "end": {
          "line": 28,
          "column": 1
        }
      },
      "3": {
        "start": {
          "line": 30,
          "column": 0
        },
        "end": {
          "line": 39,
          "column": 2
        }
      },
      "4": {
        "start": {
          "line": 44,
          "column": 0
        },
        "end": {
          "line": 44,
          "column": 27
        }
      }
    },
    "fnMap": {},
    "branchMap": {
      "0": {
        "loc": {
          "start": {
            "line": 16,
            "column": 2
          },
          "end": {
            "line": 18,
            "column": 22
          }
        },
        "type": "binary-expr",
        "locations": [
          {
            "start": {
              "line": 16,
              "column": 3
            },
            "end": {
              "line": 18,
              "column": 10
            }
          },
          {
            "start": {
              "line": 18,
              "column": 15
            },
            "end": {
              "line": 18,
              "column": 22
            }
          }
        ],
        "line": 16
      },
      "1": {
        "loc": {
          "start": {
            "line": 16,
            "column": 3
          },
          "end": {
            "line": 18,
            "column": 10
          }
        },
        "type": "cond-expr",
        "locations": [
          {
            "start": {
              "line": 17,
              "column": 6
            },
            "end": {
              "line": 17,
              "column": 49
            }
          },
          {
            "start": {
              "line": 18,
              "column": 6
            },
            "end": {
              "line": 18,
              "column": 10
            }
          }
        ],
        "line": 16
      }
    },
    "s": {
      "0": 1,
      "1": 1,
      "2": 1,
      "3": 1,
      "4": 1
    },
    "f": {},
    "b": {
      "0": [
        1,
        1
      ],
      "1": [
        1,
        0
      ]
    },
    "_coverageSchema": "43e27e138ebf9cfc5966b082cf9a028302ed4184",
    "hash": "45124861c5f82996f03c15822ed2a7049023e16c"
  }
}